Antony chacha logged in succesfully 2026-03-16T15:41:37.440Z info
Antony chacha logged in succesfully 2026-03-16T15:42:56.983Z info
Antony chacha tried to register while he existed 2026-03-16T15:47:50.430Z info
Antony chacha tried to register while he existed 2026-03-16T16:13:11.277Z info
Antony chacha logged in succesfully 2026-03-17T04:18:09.236Z info
Antony chacha logged in succesfully 2026-03-18T09:18:18.891Z info
Antony chacha logged in succesfully 2026-03-18T10:46:17.742Z info
Antony chacha logged in succesfully 2026-03-18T13:08:37.268Z info
Antony chacha logged in succesfully 2026-03-18T13:57:54.496Z info
Antony chacha logged in succesfully 2026-03-18T14:12:34.300Z info
Antony chacha logged in succesfully 2026-03-18T14:23:55.226Z info
Antony chacha logged in succesfully 2026-03-18T14:35:57.705Z info
Antony chacha logged in succesfully 2026-03-18T14:55:51.209Z info
Antony chacha logged in succesfully 2026-03-18T15:09:19.261Z info
Antony chacha logged in succesfully 2026-03-18T15:16:58.860Z info
Antony chacha logged in succesfully 2026-03-18T15:22:54.826Z info
Antony chacha logged in succesfully 2026-03-18T15:28:26.105Z info
Antony chacha logged in succesfully 2026-03-18T15:40:25.156Z info
Antony chacha logged in succesfully 2026-03-18T15:45:39.469Z info
Antony chacha logged in succesfully 2026-03-18T15:55:41.475Z info
Antony chacha logged in succesfully 2026-03-18T17:17:39.291Z info
Antony chacha tried to login in with incorrect credentials 2026-03-18T18:09:20.448Z info
Antony chacha tried to login in with incorrect credentials 2026-03-18T18:10:27.330Z info
Antony chacha tried to login in with incorrect credentials 2026-03-18T18:10:30.067Z info
Antony chacha tried to login in with incorrect credentials 2026-03-18T18:10:33.117Z info
Antony chacha tried to login in with incorrect credentials 2026-03-18T18:10:36.376Z info
Antony chacha tried to login in with incorrect credentials 2026-03-18T18:11:34.222Z info
Antony chacha tried to login in with incorrect credentials 2026-03-18T18:11:40.696Z info
Antony chacha tried to login in with incorrect credentials 2026-03-18T18:11:54.866Z info
Antony chacha from Migori County registered succesfully in smart bursary app 2026-03-18T18:14:33.536Z info
Antony chacha logged in succesfully 2026-03-18T18:23:41.407Z info
Antony chacha tried to login in with incorrect credentials 2026-03-18T18:41:57.618Z info
Antony chacha tried to login in with incorrect credentials 2026-03-18T18:42:06.871Z info
Antony chacha tried to login in with incorrect credentials 2026-03-18T18:42:19.070Z info
Antony chacha from Migori County registered succesfully in smart bursary app 2026-03-18T18:42:52.887Z info
Antony chacha tried to login in with incorrect credentials 2026-03-18T19:09:18.029Z info
Antony chacha from Migori County registered succesfully in smart bursary app 2026-03-18T19:09:52.058Z info
Antony chacha logged in succesfully 2026-03-18T19:12:09.616Z info
Antony chacha logged in succesfully 2026-03-19T04:58:04.361Z info
Antony chacha logged in succesfully 2026-03-19T04:59:27.326Z info
Antony chacha tried to login in with incorrect credentials 2026-03-19T05:17:01.052Z info
Antony chacha tried to login in with incorrect credentials 2026-03-19T05:17:09.627Z info
Antony chacha tried to login in with incorrect credentials 2026-03-19T05:17:11.651Z info
Antony chacha from Migori County registered succesfully in smart bursary app 2026-03-19T05:17:34.266Z info
Antony chacha from Migori County registered succesfully in smart bursary app 2026-03-19T06:21:07.694Z info
Antony chacha logged in succesfully 2026-03-19T06:35:49.825Z info
Antony chacha logged in succesfully 2026-03-19T06:45:32.624Z info
Antony chacha logged in succesfully 2026-03-19T10:19:17.639Z info
Antony chacha logged in succesfully 2026-03-19T10:40:37.298Z info
Antony chacha logged in succesfully 2026-03-19T10:47:01.606Z info
Antony chacha logged in succesfully 2026-03-19T10:54:57.293Z info
Antony chacha logged in succesfully 2026-03-19T11:05:52.617Z info
Antony chacha logged in succesfully 2026-03-19T11:25:57.873Z info
Antony chacha submitted application succesfully 2026-03-19T11:31:10.004Z info
KRA verified — ANTONY C***** M***** — Active 2026-03-19T11:32:02.132Z info
Application cmmxe37ru0000zzt4dztgkaz8 scored 101 — rejected 2026-03-19T11:32:07.108Z warn
Antony chacha from Migori County registered succesfully in smart bursary app 2026-03-19T11:41:18.843Z info
Antony chacha submitted application succesfully 2026-03-19T11:45:25.274Z info
KRA verified — ANTONY C***** M***** — Active 2026-03-19T11:45:51.503Z info
OCR failed onReferenceError: text is not defined 2026-03-19T11:45:54.486Z error
Application cmmxeljpb0000zzk1trklqjnr scored 26 — verified 2026-03-19T11:45:54.510Z warn
Antony chacha tried to login in with incorrect credentials 2026-03-19T11:50:47.592Z info
Antony chacha from Migori County registered succesfully in smart bursary app 2026-03-19T12:00:59.542Z info
Antony chacha from Migori County registered succesfully in smart bursary app 2026-03-19T12:10:51.753Z info
Antony chacha logged in succesfully 2026-03-19T12:26:37.962Z info
Antony chacha logged in succesfully 2026-03-19T12:37:04.059Z info
Antony chacha submitted application succesfully 2026-03-19T12:41:41.216Z info
KRA verified — ANTONY C***** M***** — Active 2026-03-19T12:42:09.688Z info
OCR failed onTypeError: Cannot read properties of undefined (reading 'toLowerCase') 2026-03-19T12:42:11.474Z error
Application cmmxglwlh0000zztq6fsy4ilx scored 11 — verified 2026-03-19T12:42:11.498Z warn
Antony chacha logged in succesfully 2026-03-19T13:30:59.991Z info
Antony chacha logged in succesfully 2026-03-19T14:07:24.776Z info
Antony chacha from Migori County registered succesfully in smart bursary app 2026-03-19T14:09:13.651Z info
Antony chacha submitted application succesfully 2026-03-19T14:13:56.300Z info
Ministry API failed: self-signed certificate in certificate chain 2026-03-19T14:14:25.798Z error
KRA verified — ANTONY C***** M***** — Active 2026-03-19T14:14:57.899Z info
OCR failed: orphanstatus is not defined 2026-03-19T14:14:57.905Z error
Application cmmxjwjhv0000zzehnx46rnpq scored 11 — verified 2026-03-19T14:14:57.939Z warn
Antony chacha logged in succesfully 2026-03-19T14:34:47.362Z info
Antony chacha tried to login in with incorrect credentials 2026-03-19T14:36:39.069Z info
Antony chacha from Migori County registered succesfully in smart bursary app 2026-03-19T14:37:02.999Z info
Antony chacha submitted application succesfully 2026-03-19T14:43:07.467Z info
Ministry API failed: self-signed certificate in certificate chain 2026-03-19T14:43:32.445Z error
KRA verified — ANTONY C***** M***** — Active 2026-03-19T14:43:40.152Z info
OCR failed: orphanstatus is not defined 2026-03-19T14:43:40.161Z error
Application cmmxky2pe0000zz7bovaw3ixn scored 11 — verified 2026-03-19T14:43:40.197Z warn
Antony chacha tried to register while he existed 2026-03-19T14:54:06.329Z info
Antony chacha from Migori County registered succesfully in smart bursary app 2026-03-19T14:55:56.274Z info
Antony chacha submitted application succesfully 2026-03-19T15:05:25.107Z info
Ministry check: EMMANUEL BAHATI | M | Migori | KNEC: 44708119 2026-03-19T15:06:05.284Z info
KRA verified — ANTONY C***** M***** — Active 2026-03-19T15:06:14.554Z info
Application cmmxlqqua0000zz8itdm0xdpl scored 99 — rejected 2026-03-19T15:06:17.961Z warn
Antony chacha from Migori County registered succesfully in smart bursary app 2026-03-20T09:22:55.451Z info
Antony chacha logged in succesfully 2026-03-20T09:35:03.715Z info
Antony chacha submitted application succesfully 2026-03-20T09:38:39.548Z info
Ministry check: EMMANUEL BAHATI | M | Migori | KNEC: 44708119 2026-03-20T09:41:54.018Z info
KRA check failed: KRA verification failed: timeout of 15000ms exceeded 2026-03-20T09:42:10.282Z error
Antony chacha submitted application succesfully 2026-03-20T09:45:31.724Z info
Ministry check: EMMANUEL BAHATI | M | Migori | KNEC: 44708119 2026-03-20T09:46:07.173Z info
KRA check failed: KRA verification failed: timeout of 15000ms exceeded 2026-03-20T09:46:27.585Z error
Antony chacha submitted application succesfully 2026-03-20T09:55:31.606Z info
Ministry check: EMMANUEL BAHATI | M | Migori | KNEC: 44708119 2026-03-20T09:55:45.398Z info
KRA check failed: KRA verification failed: timeout of 15000ms exceeded 2026-03-20T09:56:03.545Z error
Application cmmyq42of0004zzuc3691w32p scored 76 — rejected 2026-03-20T09:57:03.917Z warn
Application cmmyqabri0006zzucwhi2a9lu selected for random audit 2026-03-20T10:00:23.331Z warn
Antony chacha submitted application succesfully 2026-03-20T10:00:23.331Z info
Ministry check: EMMANUEL BAHATI | M | Migori | KNEC: 44708119 2026-03-20T10:00:37.702Z info
KRA check failed: KRA verification failed: timeout of 15000ms exceeded 2026-03-20T10:00:53.677Z error
Application cmmyqabri0006zzucwhi2a9lu scored 76 — rejected 2026-03-20T10:01:54.029Z warn
Antony chacha submitted application succesfully 2026-03-20T10:03:22.985Z info
Ministry check: EMMANUEL BAHATI | M | Migori | KNEC: 44708119 2026-03-20T10:03:38.319Z info
KRA check failed: KRA verification failed: timeout of 15000ms exceeded 2026-03-20T10:03:54.890Z error
Application cmmyqe6e30008zzucm7bynm4x scored 76 — rejected 2026-03-20T10:04:55.258Z warn
Antony chacha submitted application succesfully 2026-03-20T10:07:31.588Z info
Ministry check: EMMANUEL BAHATI | M | Migori | KNEC: 44708119 2026-03-20T10:07:50.576Z info
KRA check failed: KRA verification failed: timeout of 15000ms exceeded 2026-03-20T10:08:10.032Z error
Application cmmyqji7q000azzucktyk2gz2 scored 76 — rejected 2026-03-20T10:09:10.443Z warn
Antony chacha submitted application succesfully 2026-03-20T10:14:46.606Z info
Ministry API failed: timeout of 10000ms exceeded 2026-03-20T10:15:12.512Z error
Ministry check: EMMANUEL BAHATI | M | Migori | KNEC: 44708119 2026-03-20T10:16:37.857Z info
KRA check failed: KRA verification failed: timeout of 15000ms exceeded 2026-03-20T10:16:55.877Z error
Application cmmyqstvk000czzucu0099wrc scored 76 — rejected 2026-03-20T10:17:56.272Z warn
Antony chacha submitted application succesfully 2026-03-20T10:20:33.378Z info
Ministry check: EMMANUEL BAHATI | M | Migori | KNEC: 44708119 2026-03-20T10:20:54.968Z info
KRA check failed: KRA verification failed: timeout of 15000ms exceeded 2026-03-20T10:21:11.015Z error
Application cmmyr09g2000ezzuchyh1skcu scored 81 — rejected 2026-03-20T10:22:11.408Z warn
Antony chacha submitted application succesfully 2026-03-20T10:27:09.020Z info
Ministry check: EMMANUEL BAHATI | M | Migori | KNEC: 44708119 2026-03-20T10:27:35.658Z info
KRA check failed: KRA verification failed: timeout of 15000ms exceeded 2026-03-20T10:27:52.478Z error
Application cmmyr8qqb000gzzucytqorxhl scored 76 — rejected 2026-03-20T10:28:52.835Z warn
Antony chacha submitted application succesfully 2026-03-20T10:31:36.584Z info
Ministry check: EMMANUEL BAHATI | M | Migori | KNEC: 44708119 2026-03-20T10:31:48.003Z info
KRA check failed: KRA verification failed: timeout of 15000ms exceeded 2026-03-20T10:32:03.885Z error
Application cmmyreh6f000izzucv6fcepi0 scored 76 — rejected 2026-03-20T10:33:04.275Z warn
Antony chacha from Migori County registered succesfully in smart bursary app 2026-03-20T10:53:50.006Z info
Antony chacha logged in succesfully 2026-03-20T10:58:14.265Z info
Antony chacha submitted application succesfully 2026-03-20T11:01:42.955Z info
Ministry check: EMMANUEL BAHATI | M | Migori | KNEC: 44708119 2026-03-20T11:02:01.044Z info
KRA check failed: KRA verification failed: timeout of 15000ms exceeded 2026-03-20T11:02:17.723Z error
Antony chacha submitted application succesfully 2026-03-20T11:08:18.331Z info
Ministry check: EMMANUEL BAHATI | M | Migori | KNEC: 44708119 2026-03-20T11:08:31.405Z info
Ministry check: EMMANUEL BAHATI | M | Migori | KNEC: 44708119 2026-03-20T11:08:31.413Z info
KRA check failed: KRA verification failed: timeout of 15000ms exceeded 2026-03-20T11:08:47.485Z error
KRA check failed: KRA verification failed: timeout of 15000ms exceeded 2026-03-20T11:08:47.530Z error
Face check failed: 
Invalid `prisma.Application.update()` invocation in
/home/smartkid-tga/prototype3/bullmq/worker.js:186:34

  183 const {flags:faceflags,descriptor}  = await checkface(files.passportphoto,applicationid);
  184 flags.push(...faceflags);
  185 if (descriptor) {
→ 186   await prisma.Application.update(
An operation failed because it depends on one or more records that were required but not found. No record was found for an update. 2026-03-20T11:09:48.037Z error
Application cmmyspo250002zzs4yat1vxn5 scored 76 — rejected 2026-03-20T11:09:48.052Z warn
Ministry check: EMMANUEL BAHATI | M | Migori | KNEC: 44708119 2026-03-20T11:09:58.626Z info
KRA check failed: KRA verification failed: timeout of 15000ms exceeded 2026-03-20T11:10:18.324Z error
Antony chacha submitted application succesfully 2026-03-20T11:11:44.468Z info
Ministry check: EMMANUEL BAHATI | M | Migori | KNEC: 44708119 2026-03-20T11:12:01.085Z info
KRA check failed: KRA verification failed: timeout of 15000ms exceeded 2026-03-20T11:12:17.318Z error
Application cmmysu3450004zzs4r3ddqg9h scored 76 — rejected 2026-03-20T11:13:17.688Z warn
Antony chacha submitted application succesfully 2026-03-20T11:21:51.903Z info
Ministry check: EMMANUEL BAHATI | M | Migori | KNEC: 44708119 2026-03-20T11:22:08.316Z info
KRA check failed: KRA verification failed: timeout of 15000ms exceeded 2026-03-20T11:22:24.417Z error
Antony chacha submitted application succesfully 2026-03-20T11:23:47.613Z info
Ministry check: EMMANUEL BAHATI | M | Migori | KNEC: 44708119 2026-03-20T11:24:01.471Z info
Ministry check: EMMANUEL BAHATI | M | Migori | KNEC: 44708119 2026-03-20T11:24:01.477Z info
KRA check failed: KRA verification failed: timeout of 15000ms exceeded 2026-03-20T11:24:20.898Z error
KRA check failed: KRA verification failed: timeout of 15000ms exceeded 2026-03-20T11:24:20.945Z error
Face check failed: 
Invalid `prisma.Application.update()` invocation in
/home/smartkid-tga/prototype3/bullmq/worker.js:186:34

  183 const {flags:faceflags,descriptor}  = await checkface(files.passportphoto,applicationid);
  184 flags.push(...faceflags);
  185 if (descriptor) {
→ 186   await prisma.Application.update(
An operation failed because it depends on one or more records that were required but not found. No record was found for an update. 2026-03-20T11:25:21.429Z error
Application cmmyt9l3g0008zzs4hnsg7s0b scored 76 — rejected 2026-03-20T11:25:21.434Z warn
Ministry check: EMMANUEL BAHATI | M | Migori | KNEC: 44708119 2026-03-20T11:25:31.872Z info
KRA check failed: KRA verification failed: timeout of 15000ms exceeded 2026-03-20T11:25:47.828Z error
Antony chacha submitted application succesfully 2026-03-20T11:26:22.974Z info
Ministry check: EMMANUEL BAHATI | M | Migori | KNEC: 44708119 2026-03-20T11:39:46.639Z info
KRA check failed: KRA verification failed: timeout of 15000ms exceeded 2026-03-20T11:40:02.512Z error
Application cmmytcwz1000azzs44wekglde scored 76 — rejected 2026-03-20T11:41:03.023Z warn
Antony chacha submitted application succesfully 2026-03-20T11:52:44.894Z info
Ministry check: EMMANUEL BAHATI | M | Migori | KNEC: 44708119 2026-03-20T11:53:30.166Z info
KRA check failed: KRA verification failed: timeout of 15000ms exceeded 2026-03-20T11:53:48.141Z error
Application cmmyuatlh000czzs40b0oqtk2 scored 76 — rejected 2026-03-20T11:54:48.692Z warn
Antony chacha from Migori County registered succesfully in smart bursary app 2026-03-20T12:57:59.010Z info
Antony chacha logged in succesfully 2026-03-20T13:04:09.195Z info
Antony chacha logged in succesfully 2026-03-20T13:04:36.197Z info
Application cmmywy6qy0000zzimx55cbq1c selected for random audit 2026-03-20T13:06:54.279Z warn
Antony chacha submitted application succesfully 2026-03-20T13:06:54.279Z info
Ministry check: EMMANUEL BAHATI | M | Migori | KNEC: 44708119 2026-03-20T13:07:24.394Z info
KRA verified — ANTONY C***** M***** — Active 2026-03-20T13:07:33.942Z info
Application cmmywy6qy0000zzimx55cbq1c scored 99 — rejected 2026-03-20T13:07:40.480Z warn
Antony chacha logged in succesfully 2026-03-20T13:30:26.137Z info
Antony chacha logged in succesfully 2026-03-20T14:04:33.166Z info
Antony chacha logged in succesfully 2026-03-20T14:06:01.836Z info
Smartkid tga from Migori County registered succesfully in smart bursary app 2026-03-20T19:45:34.535Z info
Antony chacha tried to login in with incorrect credentials 2026-03-21T07:20:20.737Z info
Smartkid tga tried to login in with incorrect credentials 2026-03-21T07:20:41.867Z info
Smartkid tga tried to login in with incorrect credentials 2026-03-21T07:20:44.088Z info
Smartkid tga tried to login in with incorrect credentials 2026-03-21T07:20:52.736Z info
Smartkid tga tried to login in with incorrect credentials 2026-03-21T07:20:58.094Z info
Antony chacha from Migori County registered succesfully in smart bursary app 2026-03-21T07:21:29.436Z info
Antony chacha submitted application succesfully 2026-03-21T07:27:29.268Z info
Antony chacha submitted application succesfully 2026-03-21T07:31:16.164Z info
Antony chacha submitted application succesfully 2026-03-21T07:34:51.943Z info
Ministry check: EMMANUEL BAHATI | M | Migori | KNEC: 44708119 2026-03-21T07:36:33.939Z info
Ministry check: EMMANUEL BAHATI | M | Migori | KNEC: 44708119 2026-03-21T07:36:33.971Z info
Ministry check: EMMANUEL BAHATI | M | Migori | KNEC: 44708119 2026-03-21T07:36:33.989Z info
KRA verified — ANTONY C***** M***** — Active 2026-03-21T07:36:38.657Z info
KRA verified — ANTONY C***** M***** — Active 2026-03-21T07:36:38.830Z info
Face check failed: 
Invalid `prisma.Application.update()` invocation in
/home/smartkid-tga/prototype3/bullmq/worker.js:186:34

  183 const {flags:faceflags,descriptor}  = await checkface(files.passportphoto,applicationid);
  184 flags.push(...faceflags);
  185 if (descriptor) {
→ 186   await prisma.Application.update(
An operation failed because it depends on one or more records that were required but not found. No record was found for an update. 2026-03-21T07:36:43.752Z error
Application cmn00j18z0004zzp7wyznsox1 scored 99 — rejected 2026-03-21T07:36:44.563Z warn
KRA check failed: KRA verification failed: Max retries reached — could not solve CAPTCHA 2026-03-21T07:36:46.561Z error
Face check failed: 
Invalid `prisma.Application.update()` invocation in
/home/smartkid-tga/prototype3/bullmq/worker.js:186:34

  183 const {flags:faceflags,descriptor}  = await checkface(files.passportphoto,applicationid);
  184 flags.push(...faceflags);
  185 if (descriptor) {
→ 186   await prisma.Application.update(
An operation failed because it depends on one or more records that were required but not found. No record was found for an update. 2026-03-21T07:36:49.009Z error
Ministry check: EMMANUEL BAHATI | M | Migori | KNEC: 44708119 2026-03-21T07:36:54.199Z info
KRA verified — ANTONY C***** M***** — Active 2026-03-21T07:36:57.194Z info
Ministry check: EMMANUEL BAHATI | M | Migori | KNEC: 44708119 2026-03-21T07:36:59.374Z info
Face check failed: 
Invalid `prisma.Application.update()` invocation in
/home/smartkid-tga/prototype3/bullmq/worker.js:186:34

  183 const {flags:faceflags,descriptor}  = await checkface(files.passportphoto,applicationid);
  184 flags.push(...faceflags);
  185 if (descriptor) {
→ 186   await prisma.Application.update(
An operation failed because it depends on one or more records that were required but not found. No record was found for an update. 2026-03-21T07:37:01.034Z error
KRA verified — ANTONY C***** M***** — Active 2026-03-21T07:37:02.044Z info
Face check failed: 
Invalid `prisma.Application.update()` invocation in
/home/smartkid-tga/prototype3/bullmq/worker.js:186:34

  183 const {flags:faceflags,descriptor}  = await checkface(files.passportphoto,applicationid);
  184 flags.push(...faceflags);
  185 if (descriptor) {
→ 186   await prisma.Application.update(
An operation failed because it depends on one or more records that were required but not found. No record was found for an update. 2026-03-21T07:37:05.492Z error
Ministry check: EMMANUEL BAHATI | M | Migori | KNEC: 44708119 2026-03-21T07:37:23.644Z info
Ministry check: EMMANUEL BAHATI | M | Migori | KNEC: 44708119 2026-03-21T07:37:26.015Z info
KRA verified — ANTONY C***** M***** — Active 2026-03-21T07:37:30.579Z info
KRA verified — ANTONY C***** M***** — Active 2026-03-21T07:37:30.713Z info
Face check failed: 
Invalid `prisma.Application.update()` invocation in
/home/smartkid-tga/prototype3/bullmq/worker.js:186:34

  183 const {flags:faceflags,descriptor}  = await checkface(files.passportphoto,applicationid);
  184 flags.push(...faceflags);
  185 if (descriptor) {
→ 186   await prisma.Application.update(
An operation failed because it depends on one or more records that were required but not found. No record was found for an update. 2026-03-21T07:37:35.153Z error
Face check failed: 
Invalid `prisma.Application.update()` invocation in
/home/smartkid-tga/prototype3/bullmq/worker.js:186:34

  183 const {flags:faceflags,descriptor}  = await checkface(files.passportphoto,applicationid);
  184 flags.push(...faceflags);
  185 if (descriptor) {
→ 186   await prisma.Application.update(
An operation failed because it depends on one or more records that were required but not found. No record was found for an update. 2026-03-21T07:37:35.344Z error
Antony chacha submitted application succesfully 2026-03-21T07:43:26.342Z info
Antony chacha from Migori County registered succesfully in smart bursary app 2026-03-21T07:44:37.647Z info
Antony chacha submitted application succesfully 2026-03-21T07:50:06.397Z info
Ministry check: EMMANUEL BAHATI | M | Migori | KNEC: 44708119 2026-03-21T07:53:29.281Z info
Ministry check: EMMANUEL BAHATI | M | Migori | KNEC: 44708119 2026-03-21T07:53:29.370Z info
KRA verified — ANTONY C***** M***** — Active 2026-03-21T07:53:32.186Z info
KRA verified — ANTONY C***** M***** — Active 2026-03-21T07:53:32.379Z info
Face check failed: 
Invalid `prisma.Application.update()` invocation in
/home/smartkid-tga/prototype3/bullmq/worker.js:186:34

  183 const {flags:faceflags,descriptor}  = await checkface(files.passportphoto,applicationid);
  184 flags.push(...faceflags);
  185 if (descriptor) {
→ 186   await prisma.Application.update(
An operation failed because it depends on one or more records that were required but not found. No record was found for an update. 2026-03-21T07:53:35.681Z error
Application cmn012muk0000zz4k37tkdaal scored 99 — rejected 2026-03-21T07:53:36.393Z warn
Ministry check: EMMANUEL BAHATI | M | Migori | KNEC: 44708119 2026-03-21T07:53:46.310Z info
KRA verified — ANTONY C***** M***** — Active 2026-03-21T07:53:48.835Z info
Face check failed: 
Invalid `prisma.Application.update()` invocation in
/home/smartkid-tga/prototype3/bullmq/worker.js:186:34

  183 const {flags:faceflags,descriptor}  = await checkface(files.passportphoto,applicationid);
  184 flags.push(...faceflags);
  185 if (descriptor) {
→ 186   await prisma.Application.update(
An operation failed because it depends on one or more records that were required but not found. No record was found for an update. 2026-03-21T07:53:52.075Z error
Antony chacha from Migori County registered succesfully in smart bursary app 2026-03-21T07:55:41.575Z info
Antony chacha from Migori County registered succesfully in smart bursary app 2026-03-21T08:12:53.400Z info
Application cmn02jxma0000zzvp3iqpy1qh selected for random audit 2026-03-21T08:31:33.127Z warn
Antony chacha submitted application succesfully 2026-03-21T08:31:33.129Z info
Ministry check: EMMANUEL BAHATI | M | Migori | KNEC: 44708119 2026-03-21T08:39:57.288Z info
Ministry check: EMMANUEL BAHATI | M | Migori | KNEC: 44708119 2026-03-21T08:39:57.330Z info
KRA verified — ANTONY C***** M***** — Active 2026-03-21T08:40:00.886Z info
KRA verified — ANTONY C***** M***** — Active 2026-03-21T08:40:01.029Z info
Face check failed: 
Invalid `prisma.Application.update()` invocation in
/home/smartkid-tga/prototype3/bullmq/worker.js:188:34

  185 const {flags:faceflags,descriptor}  = await checkface(files.passportphoto,applicationid);
  186 flags.push(...faceflags);
  187 if (descriptor) {
→ 188   await prisma.Application.update(
An operation failed because it depends on one or more records that were required but not found. No record was found for an update. 2026-03-21T08:40:05.161Z error
Result email sent to antoniovga1965@gmail.com — rejected 2026-03-21T08:40:07.096Z info
Application cmn02jxma0000zzvp3iqpy1qh scored 99 — rejected 2026-03-21T08:40:07.097Z warn
Antony chacha submitted application succesfully 2026-03-21T10:41:36.695Z info
Ministry check: EMMANUEL BAHATI | M | Migori | KNEC: 44708119 2026-03-21T10:45:16.541Z info
KRA verified — ANTONY C***** M***** — Active 2026-03-21T10:45:20.349Z info
Result email sent to antoniovga1965@gmail.com — rejected 2026-03-21T10:45:29.425Z info
Application cmn0776w00000zzhyn1mp3t6b scored 99 — rejected 2026-03-21T10:45:29.425Z warn
